
================================================================================
时间: Tue May 12 22:13:37 2026
查询: 本月学生数
AI返回内容:
SELECT COUNT(DISTINCT student_id) as 学生数 FROM bi.bi_kuaisuke_daily_summary WHERE to_char(date_time, 'yyyy-MM') = to_char(CURRENT_DATE, 'yyyy-MM')================================================================================

================================================================================
时间: Tue May 12 22:32:32 2026
查询: 本月学生数
AI返回内容:
SELECT COUNT(DISTINCT student_id) as 学生数 FROM bi.bi_kuaisuke_daily_summary WHERE to_char(date_time, 'yyyy-MM') = to_char(CURRENT_DATE, 'yyyy-MM')================================================================================

================================================================================
时间: Tue May 12 22:47:17 2026
查询: 本月学生数
返回:
请
================================================================================

================================================================================
时间: Tue May 12 22:51:34 2026
查询: 本月学生数
返回:
SELECT COUNT(DISTINCT student_id) as 学生数 FROM bi.bi_kuaisuke_daily_summary WHERE to_char(date_time, 'yyyy-MM') = to_char(CURRENT_DATE, 'yyyy-MM')
================================================================================

================================================================================
时间: Tue May 12 23:00:03 2026
查询: 本月学生数
返回:
请
================================================================================

================================================================================
时间: Tue May 12 23:02:00 2026
查询: 本月学生数
返回:
请
================================================================================
